<?xml version="1.0" encoding="UTF-8"?>
<!-- Generated by org.testng.reporters.JUnitXMLReporter -->
<testsuite ignored="2" hostname="Thilan" failures="0" tests="5" name="Surefire test" time="22.639" errors="0" timestamp="2026-05-18T18:03:36 IST">
  <testcase classname="com.swaglabtest.testcases.ItemPurchaseTest" name="getTitle" time="0.035"/>
  <testcase classname="com.swaglabtest.testcases.ItemPurchaseTest" name="SigelItemPurchase" time="0.909"/>
  <testcase classname="com.swaglabtest.testcases.ItemPurchaseTest" name="multipleItemPurchase" time="0.768"/>
  <testcase classname="com.swaglabtest.testcases.MainPageLoginTest" name="UserLogingWithInvalidCredentials" time="0.465"/>
  <testcase classname="com.swaglabtest.testcases.MainPageLoginTest" name="UserLogingWithvalidCredentials" time="0.3"/>
  <testcase classname="com.swaglabtest.pages.BaseClass" name="@BeforeSuite setupSuite" time="0.0">
    <ignored/>
  </testcase> <!-- @BeforeSuite setupSuite -->
  <testcase classname="com.swaglabtest.pages.BaseClass" name="@AfterSuite teardownSuite" time="0.0">
    <ignored/>
  </testcase> <!-- @AfterSuite teardownSuite -->
</testsuite> <!-- Surefire test -->
