<?xml version="1.0" encoding="UTF-8"?>
<!-- Generated by org.testng.reporters.JUnitXMLReporter -->
<testsuite ignored="0" hostname="Thilan" failures="0" tests="5" name="Default test" time="15.879" errors="0" timestamp="2026-05-25T13:38:47 IST">
  <testcase classname="com.swaglabtest.testcases.ItemPurchaseTest" name="getTitle" time="0.033"/>
  <testcase classname="com.swaglabtest.testcases.ItemPurchaseTest" name="SigelItemPurchase" time="1.339"/>
  <testcase classname="com.swaglabtest.testcases.ItemPurchaseTest" name="multipleItemPurchase" time="0.642"/>
  <testcase classname="com.swaglabtest.testcases.ItemPurchaseTest" name="threeItemPurchase" time="0.529"/>
  <testcase classname="com.swaglabtest.testcases.ItemPurchaseTest" name="FourItemPurchase" time="0.57"/>
</testsuite> <!-- Default test -->
