<?xml version="1.0" encoding="UTF-8"?>
<!-- Generated by org.testng.reporters.JUnitXMLReporter -->
<testsuite ignored="0" hostname="Thilan" failures="0" tests="3" name="Default test" time="16.118" errors="0" timestamp="2026-05-18T10:41:33 IST">
  <testcase classname="com.swaglabtest.testcases.ItemPurchaseTest" name="getTitle" time="0.052"/>
  <testcase classname="com.swaglabtest.testcases.ItemPurchaseTest" name="SigelItemPurchase" time="0.688"/>
  <testcase classname="com.swaglabtest.testcases.ItemPurchaseTest" name="multipleItemPurchase" time="0.778"/>
</testsuite> <!-- Default test -->
