<?xml version="1.0" encoding="UTF-8"?>
<!-- Generated by org.testng.reporters.JUnitXMLReporter -->
<testsuite ignored="2" hostname="Thilan" failures="0" tests="5" name="Testchrome" time="34.506" errors="0" timestamp="2026-05-16T23:43:37 IST">
  <testcase classname="com.swaglabtest.testcases.MainPageLoginTest" name="UserLogingWithInvalidCredentials" time="0.449"/>
  <testcase classname="com.swaglabtest.testcases.MainPageLoginTest" name="UserLogingWithvalidCredentials" time="0.338"/>
  <testcase classname="com.swaglabtest.testcases.ItemPurchaseTest" name="getTitle" time="0.015"/>
  <testcase classname="com.swaglabtest.testcases.ItemPurchaseTest" name="SigelItemPurchase" time="0.821"/>
  <testcase classname="com.swaglabtest.testcases.ItemPurchaseTest" name="multipleItemPurchase" time="0.821"/>
  <testcase classname="com.swaglabtest.pages.BaseClass" name="@AfterSuite teardownSuite" time="0.0">
    <ignored/>
  </testcase> <!-- @AfterSuite teardownSuite -->
  <testcase classname="com.swaglabtest.pages.BaseClass" name="@BeforeSuite setupSuite" time="0.0">
    <ignored/>
  </testcase> <!-- @BeforeSuite setupSuite -->
</testsuite> <!-- Testchrome -->
