<?xml version="1.0" encoding="UTF-8"?>
<testsuite xmlns:xsi="http://www.w3.org/2001/XMLSchema-instance" xsi:noNamespaceSchemaLocation="https://maven.apache.org/surefire/maven-surefire-plugin/xsd/surefire-test-report-3.0.xsd" version="3.0" name="TestSuite" time="25.486" tests="5" errors="0" skipped="0" failures="0">
  <properties>
[...]
</properties>
  <testcase name="getTitle" classname="com.swaglabtest.testcases.ItemPurchaseTest" time="0.043">
    <system-out><![CDATA[18:03:13 [main] INFO  com.swaglabtest.pages.BaseClass - Starting Test Suite setup...
18:03:13 [main] INFO  com.swaglabtest.pages.BaseClass - ExcelDataProvider initialized
18:03:13 [main] INFO  com.swaglabtest.pages.BaseClass - ConfigProvider initialized
18:03:14 [main] INFO  com.swaglabtest.pages.BaseClass - Extent Reports XML configuration loaded
18:03:14 [main] INFO  com.swaglabtest.pages.BaseClass - Extent Report initialized at: C:\Users\STZ\eclipse-workspace\Swag-Lab-Project/Reports/AutomationReport.html
18:03:14 [main] INFO  com.swaglabtest.pages.BaseClass - Initializing browser...
18:03:14 [main] INFO  com.swaglabtest.pages.BaseClass - Browser selected: chrome
18:03:15 [main] INFO  io.github.bonigarcia.wdm.WebDriverManager - Using chromedriver 148.0.7778.167 (resolved driver for Chrome 148)
18:03:16 [main] INFO  io.github.bonigarcia.wdm.online.Downloader - Downloading https://storage.googleapis.com/chrome-for-testing-public/148.0.7778.167/win64/chromedriver-win64.zip
18:03:22 [main] INFO  io.github.bonigarcia.wdm.online.Downloader - Extracting driver from compressed file chromedriver-win64.zip
18:03:22 [main] INFO  io.github.bonigarcia.wdm.WebDriverManager - Exporting webdriver.chrome.driver as C:\WINDOWS\system32\config\systemprofile\.cache\selenium\chromedriver\win64\148.0.7778.167\chromedriver.exe
18:03:25 [main] INFO  com.swaglabtest.pages.BaseClass - Browser initialized successfully: chrome
18:03:25 [main] INFO  com.swaglabtest.pages.BaseClass - Test started: getTitle
Running: ItemPurchaseTest
Running Test: ItemPurchaseTest → getTitle
]]></system-out>
    <system-err><![CDATA[May 18, 2026 6:03:24 PM org.openqa.selenium.devtools.CdpVersionFinder findNearestMatch
WARNING: Unable to find CDP implementation matching 148
May 18, 2026 6:03:24 PM org.openqa.selenium.chromium.ChromiumDriver lambda$new$5
WARNING: Unable to find version of CDP to use for 148.0.7778.168. You may need to include a dependency on a specific version of the CDP using something similar to `org.seleniumhq.selenium:selenium-devtools-v86:4.24.0` where the version ("v86") matches the version of the chromium-based browser you're using and the version number of the artifact is the same as Selenium's.
]]></system-err>
  </testcase>
  <testcase name="SigelItemPurchase" classname="com.swaglabtest.testcases.ItemPurchaseTest" time="0.914">
    <system-out><![CDATA[18:03:25 [main] INFO  com.swaglabtest.pages.BaseClass - Test Passed: getTitle
18:03:25 [main] INFO  com.swaglabtest.pages.BaseClass - Test started: SigelItemPurchase
Running: ItemPurchaseTest
Running Test: ItemPurchaseTest → SigelItemPurchase
]]></system-out>
  </testcase>
  <testcase name="multipleItemPurchase" classname="com.swaglabtest.testcases.ItemPurchaseTest" time="0.767">
    <system-out><![CDATA[18:03:26 [main] INFO  com.swaglabtest.pages.BaseClass - Test Passed: SigelItemPurchase
18:03:26 [main] INFO  com.swaglabtest.pages.BaseClass - Test started: multipleItemPurchase
Running: ItemPurchaseTest
Running Test: ItemPurchaseTest → multipleItemPurchase
Na111
Na112
Na1133
Na114
Na115
bbbb
bbbb111
]]></system-out>
  </testcase>
  <testcase name="UserLogingWithInvalidCredentials" classname="com.swaglabtest.testcases.MainPageLoginTest" time="0.468">
    <system-out><![CDATA[18:03:27 [main] INFO  com.swaglabtest.pages.BaseClass - Test Passed: multipleItemPurchase
18:03:27 [main] INFO  com.swaglabtest.pages.BaseClass - Browser closed for class
18:03:27 [main] INFO  com.swaglabtest.pages.BaseClass - Initializing browser...
18:03:27 [main] INFO  com.swaglabtest.pages.BaseClass - Browser selected: chrome
18:03:28 [main] INFO  io.github.bonigarcia.wdm.WebDriverManager - Using chromedriver 148.0.7778.167 (resolved driver for Chrome 148)
18:03:28 [main] INFO  io.github.bonigarcia.wdm.online.Downloader - Downloading https://storage.googleapis.com/chrome-for-testing-public/148.0.7778.167/win64/chromedriver-win64.zip
18:03:33 [main] INFO  io.github.bonigarcia.wdm.online.Downloader - Extracting driver from compressed file chromedriver-win64.zip
18:03:33 [main] INFO  io.github.bonigarcia.wdm.WebDriverManager - Exporting webdriver.chrome.driver as C:\WINDOWS\system32\config\systemprofile\.cache\selenium\chromedriver\win64\148.0.7778.167\chromedriver.exe
18:03:35 [main] INFO  com.swaglabtest.pages.BaseClass - Browser initialized successfully: chrome
18:03:35 [main] INFO  com.swaglabtest.pages.BaseClass - Test started: UserLogingWithInvalidCredentials
]]></system-out>
    <system-err><![CDATA[May 18, 2026 6:03:34 PM org.openqa.selenium.devtools.CdpVersionFinder findNearestMatch
WARNING: Unable to find CDP implementation matching 148
May 18, 2026 6:03:34 PM org.openqa.selenium.chromium.ChromiumDriver lambda$new$5
WARNING: Unable to find version of CDP to use for 148.0.7778.168. You may need to include a dependency on a specific version of the CDP using something similar to `org.seleniumhq.selenium:selenium-devtools-v86:4.24.0` where the version ("v86") matches the version of the chromium-based browser you're using and the version number of the artifact is the same as Selenium's.
]]></system-err>
  </testcase>
  <testcase name="UserLogingWithvalidCredentials" classname="com.swaglabtest.testcases.MainPageLoginTest" time="0.301">
    <system-out><![CDATA[18:03:36 [main] INFO  com.swaglabtest.pages.BaseClass - Test Passed: UserLogingWithInvalidCredentials
18:03:36 [main] INFO  com.swaglabtest.pages.BaseClass - Test started: UserLogingWithvalidCredentials
https://www.saucedemo.com/inventory.html
]]></system-out>
  </testcase>
</testsuite>