<?xml version="1.0" encoding="UTF-8"?>
<testng-results ignored="0" total="5" passed="5" failed="0" skipped="0">
  <reporter-output>
  </reporter-output>
  <suite started-at="2026-05-18T18:03:14 IST" name="Surefire suite" finished-at="2026-05-18T18:03:36 IST" duration-ms="22639">
    <groups>
    </groups>
    <test started-at="2026-05-18T18:03:14 IST" name="Surefire test" finished-at="2026-05-18T18:03:36 IST" duration-ms="22639">
      <class name="com.swaglabtest.testcases.ItemPurchaseTest">
        <test-method is-config="true" signature="setupSuite()[pri:0, instance:com.swaglabtest.testcases.ItemPurchaseTest@7a56812e]" started-at="2026-05-18T18:03:13 IST" name="setupSuite" finished-at="2026-05-18T18:03:14 IST" duration-ms="1022" status="PASS">
          <reporter-output>
          </reporter-output>
        </test-method> <!-- setupSuite -->
        <test-method is-config="true" signature="setupClass(java.lang.String)[pri:0, instance:com.swaglabtest.testcases.ItemPurchaseTest@7a56812e]" started-at="2026-05-18T18:03:14 IST" name="setupClass" finished-at="2026-05-18T18:03:25 IST" duration-ms="11241" status="PASS">
          <params>
            <param index="0">
              <value>
                <![CDATA[]]>
              </value>
            </param>
          </params>
          <reporter-output>
          </reporter-output>
        </test-method> <!-- setupClass -->
        <test-method is-config="true" signature="startTest(java.lang.reflect.Method)[pri:0, instance:com.swaglabtest.testcases.ItemPurchaseTest@7a56812e]" started-at="2026-05-18T18:03:25 IST" name="startTest" finished-at="2026-05-18T18:03:25 IST" duration-ms="10" status="PASS">
          <params>
            <param index="0">
              <value>
                <![CDATA[public void com.swaglabtest.testcases.ItemPurchaseTest.getTitle()]]>
              </value>
            </param>
          </params>
          <reporter-output>
          </reporter-output>
        </test-method> <!-- startTest -->
        <test-method is-config="true" signature="PageIninitialize(java.lang.reflect.Method)[pri:0, instance:com.swaglabtest.testcases.ItemPurchaseTest@7a56812e]" started-at="2026-05-18T18:03:25 IST" name="PageIninitialize" finished-at="2026-05-18T18:03:25 IST" duration-ms="257" status="PASS">
          <params>
            <param index="0">
              <value>
                <![CDATA[public void com.swaglabtest.testcases.ItemPurchaseTest.getTitle()]]>
              </value>
            </param>
          </params>
          <reporter-output>
          </reporter-output>
        </test-method> <!-- PageIninitialize -->
        <test-method signature="getTitle()[pri:1, instance:com.swaglabtest.testcases.ItemPurchaseTest@7a56812e]" started-at="2026-05-18T18:03:25 IST" name="getTitle" finished-at="2026-05-18T18:03:25 IST" duration-ms="35" status="PASS">
          <reporter-output>
          </reporter-output>
        </test-method> <!-- getTitle -->
        <test-method is-config="true" signature="tearDownMethod(org.testng.ITestResult)[pri:0, instance:com.swaglabtest.testcases.ItemPurchaseTest@7a56812e]" started-at="2026-05-18T18:03:25 IST" name="tearDownMethod" finished-at="2026-05-18T18:03:25 IST" duration-ms="0" status="PASS">
          <params>
            <param index="0">
              <value>
                <![CDATA[[TestResult name=getTitle status=SUCCESS method=ItemPurchaseTest.getTitle()[pri:1, instance:com.swaglabtest.testcases.ItemPurchaseTest@7a56812e] output={null}]]]>
              </value>
            </param>
          </params>
          <reporter-output>
          </reporter-output>
        </test-method> <!-- tearDownMethod -->
        <test-method is-config="true" signature="startTest(java.lang.reflect.Method)[pri:0, instance:com.swaglabtest.testcases.ItemPurchaseTest@7a56812e]" started-at="2026-05-18T18:03:25 IST" name="startTest" finished-at="2026-05-18T18:03:25 IST" duration-ms="0" status="PASS">
          <params>
            <param index="0">
              <value>
                <![CDATA[public void com.swaglabtest.testcases.ItemPurchaseTest.SigelItemPurchase()]]>
              </value>
            </param>
          </params>
          <reporter-output>
          </reporter-output>
        </test-method> <!-- startTest -->
        <test-method is-config="true" signature="PageIninitialize(java.lang.reflect.Method)[pri:0, instance:com.swaglabtest.testcases.ItemPurchaseTest@7a56812e]" started-at="2026-05-18T18:03:25 IST" name="PageIninitialize" finished-at="2026-05-18T18:03:25 IST" duration-ms="6" status="PASS">
          <params>
            <param index="0">
              <value>
                <![CDATA[public void com.swaglabtest.testcases.ItemPurchaseTest.SigelItemPurchase()]]>
              </value>
            </param>
          </params>
          <reporter-output>
          </reporter-output>
        </test-method> <!-- PageIninitialize -->
        <test-method signature="SigelItemPurchase()[pri:2, instance:com.swaglabtest.testcases.ItemPurchaseTest@7a56812e]" started-at="2026-05-18T18:03:25 IST" name="SigelItemPurchase" finished-at="2026-05-18T18:03:26 IST" duration-ms="909" status="PASS">
          <reporter-output>
          </reporter-output>
        </test-method> <!-- SigelItemPurchase -->
        <test-method is-config="true" signature="tearDownMethod(org.testng.ITestResult)[pri:0, instance:com.swaglabtest.testcases.ItemPurchaseTest@7a56812e]" started-at="2026-05-18T18:03:26 IST" name="tearDownMethod" finished-at="2026-05-18T18:03:26 IST" duration-ms="1" status="PASS">
          <params>
            <param index="0">
              <value>
                <![CDATA[[TestResult name=SigelItemPurchase status=SUCCESS method=ItemPurchaseTest.SigelItemPurchase()[pri:2, instance:com.swaglabtest.testcases.ItemPurchaseTest@7a56812e] output={null}]]]>
              </value>
            </param>
          </params>
          <reporter-output>
          </reporter-output>
        </test-method> <!-- tearDownMethod -->
        <test-method is-config="true" signature="startTest(java.lang.reflect.Method)[pri:0, instance:com.swaglabtest.testcases.ItemPurchaseTest@7a56812e]" started-at="2026-05-18T18:03:26 IST" name="startTest" finished-at="2026-05-18T18:03:26 IST" duration-ms="2" status="PASS">
          <params>
            <param index="0">
              <value>
                <![CDATA[public void com.swaglabtest.testcases.ItemPurchaseTest.multipleItemPurchase()]]>
              </value>
            </param>
          </params>
          <reporter-output>
          </reporter-output>
        </test-method> <!-- startTest -->
        <test-method is-config="true" signature="PageIninitialize(java.lang.reflect.Method)[pri:0, instance:com.swaglabtest.testcases.ItemPurchaseTest@7a56812e]" started-at="2026-05-18T18:03:26 IST" name="PageIninitialize" finished-at="2026-05-18T18:03:26 IST" duration-ms="3" status="PASS">
          <params>
            <param index="0">
              <value>
                <![CDATA[public void com.swaglabtest.testcases.ItemPurchaseTest.multipleItemPurchase()]]>
              </value>
            </param>
          </params>
          <reporter-output>
          </reporter-output>
        </test-method> <!-- PageIninitialize -->
        <test-method signature="multipleItemPurchase()[pri:3, instance:com.swaglabtest.testcases.ItemPurchaseTest@7a56812e]" started-at="2026-05-18T18:03:26 IST" name="multipleItemPurchase" finished-at="2026-05-18T18:03:27 IST" duration-ms="768" status="PASS">
          <reporter-output>
          </reporter-output>
        </test-method> <!-- multipleItemPurchase -->
        <test-method is-config="true" signature="tearDownMethod(org.testng.ITestResult)[pri:0, instance:com.swaglabtest.testcases.ItemPurchaseTest@7a56812e]" started-at="2026-05-18T18:03:27 IST" name="tearDownMethod" finished-at="2026-05-18T18:03:27 IST" duration-ms="2" status="PASS">
          <params>
            <param index="0">
              <value>
                <![CDATA[[TestResult name=multipleItemPurchase status=SUCCESS method=ItemPurchaseTest.multipleItemPurchase()[pri:3, instance:com.swaglabtest.testcases.ItemPurchaseTest@7a56812e] output={null}]]]>
              </value>
            </param>
          </params>
          <reporter-output>
          </reporter-output>
        </test-method> <!-- tearDownMethod -->
        <test-method is-config="true" signature="teardownClass()[pri:0, instance:com.swaglabtest.testcases.ItemPurchaseTest@7a56812e]" started-at="2026-05-18T18:03:27 IST" name="teardownClass" finished-at="2026-05-18T18:03:27 IST" duration-ms="171" status="PASS">
          <reporter-output>
          </reporter-output>
        </test-method> <!-- teardownClass -->
        <test-method is-config="true" signature="teardownSuite()[pri:0, instance:com.swaglabtest.testcases.ItemPurchaseTest@7a56812e]" started-at="2026-05-18T18:03:36 IST" name="teardownSuite" finished-at="2026-05-18T18:03:37 IST" duration-ms="320" status="PASS">
          <reporter-output>
          </reporter-output>
        </test-method> <!-- teardownSuite -->
      </class> <!-- com.swaglabtest.testcases.ItemPurchaseTest -->
      <class name="com.swaglabtest.testcases.MainPageLoginTest">
        <test-method is-config="true" signature="setupClass(java.lang.String)[pri:0, instance:com.swaglabtest.testcases.MainPageLoginTest@740abb5]" started-at="2026-05-18T18:03:27 IST" name="setupClass" finished-at="2026-05-18T18:03:35 IST" duration-ms="8192" status="PASS">
          <params>
            <param index="0">
              <value>
                <![CDATA[]]>
              </value>
            </param>
          </params>
          <reporter-output>
          </reporter-output>
        </test-method> <!-- setupClass -->
        <test-method is-config="true" signature="startTest(java.lang.reflect.Method)[pri:0, instance:com.swaglabtest.testcases.MainPageLoginTest@740abb5]" started-at="2026-05-18T18:03:35 IST" name="startTest" finished-at="2026-05-18T18:03:35 IST" duration-ms="1" status="PASS">
          <params>
            <param index="0">
              <value>
                <![CDATA[public void com.swaglabtest.testcases.MainPageLoginTest.UserLogingWithInvalidCredentials()]]>
              </value>
            </param>
          </params>
          <reporter-output>
          </reporter-output>
        </test-method> <!-- startTest -->
        <test-method is-config="true" signature="PageIninitialize(java.lang.reflect.Method)[pri:0, instance:com.swaglabtest.testcases.MainPageLoginTest@740abb5]" started-at="2026-05-18T18:03:35 IST" name="PageIninitialize" finished-at="2026-05-18T18:03:35 IST" duration-ms="2" status="PASS">
          <params>
            <param index="0">
              <value>
                <![CDATA[public void com.swaglabtest.testcases.MainPageLoginTest.UserLogingWithInvalidCredentials()]]>
              </value>
            </param>
          </params>
          <reporter-output>
          </reporter-output>
        </test-method> <!-- PageIninitialize -->
        <test-method signature="UserLogingWithInvalidCredentials()[pri:1, instance:com.swaglabtest.testcases.MainPageLoginTest@740abb5]" started-at="2026-05-18T18:03:36 IST" name="UserLogingWithInvalidCredentials" finished-at="2026-05-18T18:03:36 IST" duration-ms="465" status="PASS">
          <reporter-output>
          </reporter-output>
        </test-method> <!-- UserLogingWithInvalidCredentials -->
        <test-method is-config="true" signature="tearDownMethod(org.testng.ITestResult)[pri:0, instance:com.swaglabtest.testcases.MainPageLoginTest@740abb5]" started-at="2026-05-18T18:03:36 IST" name="tearDownMethod" finished-at="2026-05-18T18:03:36 IST" duration-ms="1" status="PASS">
          <params>
            <param index="0">
              <value>
                <![CDATA[[TestResult name=UserLogingWithInvalidCredentials status=SUCCESS method=MainPageLoginTest.UserLogingWithInvalidCredentials()[pri:1, instance:com.swaglabtest.testcases.MainPageLoginTest@740abb5] output={null}]]]>
              </value>
            </param>
          </params>
          <reporter-output>
          </reporter-output>
        </test-method> <!-- tearDownMethod -->
        <test-method is-config="true" signature="startTest(java.lang.reflect.Method)[pri:0, instance:com.swaglabtest.testcases.MainPageLoginTest@740abb5]" started-at="2026-05-18T18:03:36 IST" name="startTest" finished-at="2026-05-18T18:03:36 IST" duration-ms="1" status="PASS">
          <params>
            <param index="0">
              <value>
                <![CDATA[public void com.swaglabtest.testcases.MainPageLoginTest.UserLogingWithvalidCredentials() throws java.lang.InterruptedException]]>
              </value>
            </param>
          </params>
          <reporter-output>
          </reporter-output>
        </test-method> <!-- startTest -->
        <test-method is-config="true" signature="PageIninitialize(java.lang.reflect.Method)[pri:0, instance:com.swaglabtest.testcases.MainPageLoginTest@740abb5]" started-at="2026-05-18T18:03:36 IST" name="PageIninitialize" finished-at="2026-05-18T18:03:36 IST" duration-ms="1" status="PASS">
          <params>
            <param index="0">
              <value>
                <![CDATA[public void com.swaglabtest.testcases.MainPageLoginTest.UserLogingWithvalidCredentials() throws java.lang.InterruptedException]]>
              </value>
            </param>
          </params>
          <reporter-output>
          </reporter-output>
        </test-method> <!-- PageIninitialize -->
        <test-method signature="UserLogingWithvalidCredentials()[pri:2, instance:com.swaglabtest.testcases.MainPageLoginTest@740abb5]" started-at="2026-05-18T18:03:36 IST" name="UserLogingWithvalidCredentials" finished-at="2026-05-18T18:03:36 IST" duration-ms="300" status="PASS">
          <reporter-output>
          </reporter-output>
        </test-method> <!-- UserLogingWithvalidCredentials -->
        <test-method is-config="true" signature="tearDownMethod(org.testng.ITestResult)[pri:0, instance:com.swaglabtest.testcases.MainPageLoginTest@740abb5]" started-at="2026-05-18T18:03:36 IST" name="tearDownMethod" finished-at="2026-05-18T18:03:36 IST" duration-ms="1" status="PASS">
          <params>
            <param index="0">
              <value>
                <![CDATA[[TestResult name=UserLogingWithvalidCredentials status=SUCCESS method=MainPageLoginTest.UserLogingWithvalidCredentials()[pri:2, instance:com.swaglabtest.testcases.MainPageLoginTest@740abb5] output={null}]]]>
              </value>
            </param>
          </params>
          <reporter-output>
          </reporter-output>
        </test-method> <!-- tearDownMethod -->
        <test-method is-config="true" signature="teardownClass()[pri:0, instance:com.swaglabtest.testcases.MainPageLoginTest@740abb5]" started-at="2026-05-18T18:03:36 IST" name="teardownClass" finished-at="2026-05-18T18:03:36 IST" duration-ms="95" status="PASS">
          <reporter-output>
          </reporter-output>
        </test-method> <!-- teardownClass -->
      </class> <!-- com.swaglabtest.testcases.MainPageLoginTest -->
    </test> <!-- Surefire test -->
  </suite> <!-- Surefire suite -->
</testng-results>
