<?xml version="1.0" encoding="UTF-8"?>
<testng-results ignored="0" total="1" passed="1" failed="0" skipped="0">
  <reporter-output>
  </reporter-output>
  <suite started-at="2026-05-26T22:40:20 IST" name="Default suite" finished-at="2026-05-26T22:40:30 IST" duration-ms="9134">
    <groups>
    </groups>
    <test started-at="2026-05-26T22:40:20 IST" name="Default test" finished-at="2026-05-26T22:40:30 IST" duration-ms="9134">
      <class name="com.swaglabtest.testcases.MainPageLoginTest">
        <test-method is-config="true" signature="setupSuite()[pri:0, instance:com.swaglabtest.testcases.MainPageLoginTest@f8908f6]" started-at="2026-05-26T22:40:19 IST" name="setupSuite" finished-at="2026-05-26T22:40:20 IST" duration-ms="1028" status="PASS">
          <reporter-output>
          </reporter-output>
        </test-method> <!-- setupSuite -->
        <test-method is-config="true" signature="setupClass(java.lang.String)[pri:0, instance:com.swaglabtest.testcases.MainPageLoginTest@f8908f6]" started-at="2026-05-26T22:40:20 IST" name="setupClass" finished-at="2026-05-26T22:40:29 IST" duration-ms="8782" status="PASS">
          <params>
            <param index="0">
              <value>
                <![CDATA[]]>
              </value>
            </param>
          </params>
          <reporter-output>
          </reporter-output>
        </test-method> <!-- setupClass -->
        <test-method is-config="true" signature="startTest(java.lang.reflect.Method)[pri:0, instance:com.swaglabtest.testcases.MainPageLoginTest@f8908f6]" started-at="2026-05-26T22:40:29 IST" name="startTest" finished-at="2026-05-26T22:40:29 IST" duration-ms="8" status="PASS">
          <params>
            <param index="0">
              <value>
                <![CDATA[public void com.swaglabtest.testcases.MainPageLoginTest.UserLogingWithCredentials()]]>
              </value>
            </param>
          </params>
          <reporter-output>
          </reporter-output>
        </test-method> <!-- startTest -->
        <test-method is-config="true" signature="PageIninitialize(java.lang.reflect.Method)[pri:0, instance:com.swaglabtest.testcases.MainPageLoginTest@f8908f6]" started-at="2026-05-26T22:40:29 IST" name="PageIninitialize" finished-at="2026-05-26T22:40:29 IST" duration-ms="22" status="PASS">
          <params>
            <param index="0">
              <value>
                <![CDATA[public void com.swaglabtest.testcases.MainPageLoginTest.UserLogingWithCredentials()]]>
              </value>
            </param>
          </params>
          <reporter-output>
          </reporter-output>
        </test-method> <!-- PageIninitialize -->
        <test-method signature="UserLogingWithCredentials()[pri:1, instance:com.swaglabtest.testcases.MainPageLoginTest@f8908f6]" started-at="2026-05-26T22:40:29 IST" name="UserLogingWithCredentials" finished-at="2026-05-26T22:40:29 IST" duration-ms="32" status="PASS">
          <reporter-output>
          </reporter-output>
        </test-method> <!-- UserLogingWithCredentials -->
        <test-method is-config="true" signature="tearDownMethod(org.testng.ITestResult)[pri:0, instance:com.swaglabtest.testcases.MainPageLoginTest@f8908f6]" started-at="2026-05-26T22:40:29 IST" name="tearDownMethod" finished-at="2026-05-26T22:40:29 IST" duration-ms="1" status="PASS">
          <params>
            <param index="0">
              <value>
                <![CDATA[[TestResult name=UserLogingWithCredentials status=SUCCESS method=MainPageLoginTest.UserLogingWithCredentials()[pri:1, instance:com.swaglabtest.testcases.MainPageLoginTest@f8908f6] output={null}]]]>
              </value>
            </param>
          </params>
          <reporter-output>
          </reporter-output>
        </test-method> <!-- tearDownMethod -->
        <test-method is-config="true" signature="teardownClass()[pri:0, instance:com.swaglabtest.testcases.MainPageLoginTest@f8908f6]" started-at="2026-05-26T22:40:29 IST" name="teardownClass" finished-at="2026-05-26T22:40:30 IST" duration-ms="154" status="PASS">
          <reporter-output>
          </reporter-output>
        </test-method> <!-- teardownClass -->
        <test-method is-config="true" signature="teardownSuite()[pri:0, instance:com.swaglabtest.testcases.MainPageLoginTest@f8908f6]" started-at="2026-05-26T22:40:30 IST" name="teardownSuite" finished-at="2026-05-26T22:40:30 IST" duration-ms="362" status="PASS">
          <reporter-output>
          </reporter-output>
        </test-method> <!-- teardownSuite -->
      </class> <!-- com.swaglabtest.testcases.MainPageLoginTest -->
    </test> <!-- Default test -->
  </suite> <!-- Default suite -->
</testng-results>
