<?xml version="1.0" encoding="UTF-8"?>
<!-- Generated by org.testng.reporters.JUnitReportReporter -->
<testsuite hostname="Thilan" failures="0" tests="10" name="com.swaglabtest.testcases.ItemPurchaseTest" time="7.438" errors="0" timestamp="2026-05-27T03:32:02 IST" skipped="0">
  <testcase classname="com.swaglabtest.testcases.ItemPurchaseTest" name="getTitle" time="0.012"/>
  <testcase classname="com.swaglabtest.testcases.ItemPurchaseTest" name="getTitle" time="0.043"/>
  <testcase classname="com.swaglabtest.testcases.ItemPurchaseTest" name="SigelItemPurchase" time="1.063"/>
  <testcase classname="com.swaglabtest.testcases.ItemPurchaseTest" name="SigelItemPurchase" time="1.360"/>
  <testcase classname="com.swaglabtest.testcases.ItemPurchaseTest" name="multipleItemPurchase" time="1.159"/>
  <testcase classname="com.swaglabtest.testcases.ItemPurchaseTest" name="multipleItemPurchase" time="0.777"/>
  <testcase classname="com.swaglabtest.testcases.ItemPurchaseTest" name="threeItemPurchase" time="0.536"/>
  <testcase classname="com.swaglabtest.testcases.ItemPurchaseTest" name="threeItemPurchase" time="0.498"/>
  <testcase classname="com.swaglabtest.testcases.ItemPurchaseTest" name="FourItemPurchase" time="1.034"/>
  <testcase classname="com.swaglabtest.testcases.ItemPurchaseTest" name="FourItemPurchase" time="0.956"/>
</testsuite> <!-- com.swaglabtest.testcases.ItemPurchaseTest -->
