<?xml version="1.0" encoding="UTF-8"?>
<!-- Generated by org.testng.reporters.JUnitReportReporter -->
<testsuite hostname="Thilan" failures="0" tests="2" name="com.swaglabtest.testcases.MainPageLoginTest" time="0.078" errors="0" timestamp="2026-05-26T15:03:55 IST" skipped="0">
  <testcase classname="com.swaglabtest.testcases.MainPageLoginTest" name="UserLogingWithCredentials" time="0.013"/>
  <testcase classname="com.swaglabtest.testcases.MainPageLoginTest" name="UserLogingWithCredentials" time="0.065"/>
</testsuite> <!-- com.swaglabtest.testcases.MainPageLoginTest -->
