<?xml version="1.0" encoding="UTF-8"?>
<!-- Generated by org.testng.reporters.JUnitReportReporter -->
<testsuite hostname="Thilan" failures="0" tests="6" name="com.swaglabtest.testcases.ItemPurchaseTest" time="4.479" errors="0" timestamp="2026-05-18T19:27:18 IST" skipped="0">
  <testcase classname="com.swaglabtest.testcases.ItemPurchaseTest" name="getTitle" time="0.014"/>
  <testcase classname="com.swaglabtest.testcases.ItemPurchaseTest" name="getTitle" time="0.009"/>
  <testcase classname="com.swaglabtest.testcases.ItemPurchaseTest" name="SigelItemPurchase" time="1.169"/>
  <testcase classname="com.swaglabtest.testcases.ItemPurchaseTest" name="SigelItemPurchase" time="1.752"/>
  <testcase classname="com.swaglabtest.testcases.ItemPurchaseTest" name="multipleItemPurchase" time="0.915"/>
  <testcase classname="com.swaglabtest.testcases.ItemPurchaseTest" name="multipleItemPurchase" time="0.620"/>
</testsuite> <!-- com.swaglabtest.testcases.ItemPurchaseTest -->
