<?xml version="1.0" encoding="UTF-8"?>
<!-- Generated by org.testng.reporters.JUnitReportReporter -->
<testsuite hostname="Thilan" failures="0" tests="4" name="com.swaglabtest.testcases.MainPageLoginTest" time="2.444" errors="0" timestamp="2026-05-18T00:03:13 IST" skipped="0">
  <testcase classname="com.swaglabtest.testcases.MainPageLoginTest" name="UserLogingWithInvalidCredentials" time="1.336"/>
  <testcase classname="com.swaglabtest.testcases.MainPageLoginTest" name="UserLogingWithInvalidCredentials" time="0.494"/>
  <testcase classname="com.swaglabtest.testcases.MainPageLoginTest" name="UserLogingWithvalidCredentials" time="0.356"/>
  <testcase classname="com.swaglabtest.testcases.MainPageLoginTest" name="UserLogingWithvalidCredentials" time="0.258"/>
</testsuite> <!-- com.swaglabtest.testcases.MainPageLoginTest -->
