<?xml version="1.0" encoding="UTF-8"?>
<!-- Generated by org.testng.reporters.JUnitReportReporter -->
<testsuite hostname="Thilan" failures="0" tests="3" name="com.swaglabtest.testcases.ItemPurchaseTest" time="1.993" errors="0" timestamp="2026-05-18T18:03:37 IST" skipped="0">
  <testcase classname="com.swaglabtest.testcases.ItemPurchaseTest" name="getTitle" time="0.040"/>
  <testcase classname="com.swaglabtest.testcases.ItemPurchaseTest" name="SigelItemPurchase" time="1.169"/>
  <testcase classname="com.swaglabtest.testcases.ItemPurchaseTest" name="multipleItemPurchase" time="0.784"/>
</testsuite> <!-- com.swaglabtest.testcases.ItemPurchaseTest -->
