<?xml version="1.0" encoding="UTF-8"?>
<!-- Generated by org.testng.reporters.JUnitReportReporter -->
<testsuite hostname="Thilan" failures="0" tests="2" name="com.swaglabtest.testcases.MainPageLoginTest" time="0.772" errors="0" timestamp="2026-05-18T18:03:37 IST" skipped="0">
  <testcase classname="com.swaglabtest.testcases.MainPageLoginTest" name="UserLogingWithInvalidCredentials" time="0.469"/>
  <testcase classname="com.swaglabtest.testcases.MainPageLoginTest" name="UserLogingWithvalidCredentials" time="0.303"/>
</testsuite> <!-- com.swaglabtest.testcases.MainPageLoginTest -->
